<?xml version="1.0" encoding="UTF-8" ?>
<testsuite tests="13" failures="0" name="bonusFuncionario.MetodoCalculaBonusTest" time="0.039" errors="0" skipped="0">
  <properties>
[...]
</properties>
  <testcase classname="bonusFuncionario.MetodoCalculaBonusTest" name="CT001" time="0.004"/>
  <testcase classname="bonusFuncionario.MetodoCalculaBonusTest" name="CT002" time="0.024"/>
  <testcase classname="bonusFuncionario.MetodoCalculaBonusTest" name="CT003" time="0.001"/>
  <testcase classname="bonusFuncionario.MetodoCalculaBonusTest" name="CT004" time="0"/>
  <testcase classname="bonusFuncionario.MetodoCalculaBonusTest" name="CT005" time="0.001"/>
  <testcase classname="bonusFuncionario.MetodoCalculaBonusTest" name="CT006" time="0.007"/>
  <testcase classname="bonusFuncionario.MetodoCalculaBonusTest" name="CT007" time="0"/>
  <testcase classname="bonusFuncionario.MetodoCalculaBonusTest" name="CT008" time="0"/>
  <testcase classname="bonusFuncionario.MetodoCalculaBonusTest" name="CT009" time="0.001"/>
  <testcase classname="bonusFuncionario.MetodoCalculaBonusTest" name="CT010" time="0"/>
  <testcase classname="bonusFuncionario.MetodoCalculaBonusTest" name="CT011" time="0.001"/>
  <testcase classname="bonusFuncionario.MetodoCalculaBonusTest" name="CT012" time="0"/>
  <testcase classname="bonusFuncionario.MetodoCalculaBonusTest" name="CT013" time="0"/>
</testsuite>